<?xml version="1.0" encoding="UTF-8"?>
<testsuite xmlns:xsi="http://www.w3.org/2001/XMLSchema-instance" xsi:noNamespaceSchemaLocation="https://maven.apache.org/surefire/maven-surefire-plugin/xsd/surefire-test-report-3.0.xsd" version="3.0" name="BurgerTest" time="0.863" tests="7" errors="0" skipped="0" failures="0">
  <properties>
    <property name="gopherProxySet" value="false"/>
    <property name="awt.toolkit" value="sun.lwawt.macosx.LWCToolkit"/>
    <property name="java.specification.version" value="11"/>
    <property name="sun.cpu.isalist" value=""/>
    <property name="sun.jnu.encoding" value="UTF-8"/>
    <property name="java.class.path" value="/Users/evgenia/Diplom_11/target/test-classes:/Users/evgenia/Diplom_11/target/classes:/Users/evgenia/.m2/repository/junit/junit/4.13.2/junit-4.13.2.jar:/Users/evgenia/.m2/repository/org/hamcrest/hamcrest-core/1.3/hamcrest-core-1.3.jar:/Users/evgenia/.m2/repository/org/mockito/mockito-core/5.5.0/mockito-core-5.5.0.jar:/Users/evgenia/.m2/repository/net/bytebuddy/byte-buddy/1.14.6/byte-buddy-1.14.6.jar:/Users/evgenia/.m2/repository/net/bytebuddy/byte-buddy-agent/1.14.6/byte-buddy-agent-1.14.6.jar:/Users/evgenia/.m2/repository/org/objenesis/objenesis/3.3/objenesis-3.3.jar:/Users/evgenia/.m2/repository/org/hamcrest/hamcrest/2.2/hamcrest-2.2.jar:"/>
    <property name="java.vm.vendor" value="Amazon.com Inc."/>
    <property name="sun.arch.data.model" value="64"/>
    <property name="java.vendor.url" value="https://aws.amazon.com/corretto/"/>
    <property name="user.timezone" value="Europe/Moscow"/>
    <property name="java.vm.specification.version" value="11"/>
    <property name="os.name" value="Mac OS X"/>
    <property name="sun.java.launcher" value="SUN_STANDARD"/>
    <property name="user.country" value="RU"/>
    <property name="sun.boot.library.path" value="/Library/Java/JavaVirtualMachines/amazon-corretto-11.jdk/Contents/Home/lib"/>
    <property name="sun.java.command" value="/Users/evgenia/Diplom_11/target/surefire/surefirebooter-20241017235620559_3.jar /Users/evgenia/Diplom_11/target/surefire 2024-10-17T23-56-18_575-jvmRun1 surefire-20241017235620559_1tmp surefire_0-20241017235620559_2tmp"/>
    <property name="http.nonProxyHosts" value="local|*.local|169.254/16|*.169.254/16"/>
    <property name="jdk.debug" value="release"/>
    <property name="surefire.test.class.path" value="/Users/evgenia/Diplom_11/target/test-classes:/Users/evgenia/Diplom_11/target/classes:/Users/evgenia/.m2/repository/junit/junit/4.13.2/junit-4.13.2.jar:/Users/evgenia/.m2/repository/org/hamcrest/hamcrest-core/1.3/hamcrest-core-1.3.jar:/Users/evgenia/.m2/repository/org/mockito/mockito-core/5.5.0/mockito-core-5.5.0.jar:/Users/evgenia/.m2/repository/net/bytebuddy/byte-buddy/1.14.6/byte-buddy-1.14.6.jar:/Users/evgenia/.m2/repository/net/bytebuddy/byte-buddy-agent/1.14.6/byte-buddy-agent-1.14.6.jar:/Users/evgenia/.m2/repository/org/objenesis/objenesis/3.3/objenesis-3.3.jar:/Users/evgenia/.m2/repository/org/hamcrest/hamcrest/2.2/hamcrest-2.2.jar:"/>
    <property name="sun.cpu.endian" value="little"/>
    <property name="user.home" value="/Users/evgenia"/>
    <property name="user.language" value="ru"/>
    <property name="java.specification.vendor" value="Oracle Corporation"/>
    <property name="java.version.date" value="2024-04-16"/>
    <property name="java.home" value="/Library/Java/JavaVirtualMachines/amazon-corretto-11.jdk/Contents/Home"/>
    <property name="file.separator" value="/"/>
    <property name="basedir" value="/Users/evgenia/Diplom_11"/>
    <property name="java.vm.compressedOopsMode" value="Zero based"/>
    <property name="line.separator" value="&#10;"/>
    <property name="java.specification.name" value="Java Platform API Specification"/>
    <property name="java.vm.specification.vendor" value="Oracle Corporation"/>
    <property name="java.awt.graphicsenv" value="sun.awt.CGraphicsEnvironment"/>
    <property name="surefire.real.class.path" value="/Users/evgenia/Diplom_11/target/surefire/surefirebooter-20241017235620559_3.jar"/>
    <property name="sun.management.compiler" value="HotSpot 64-Bit Tiered Compilers"/>
    <property name="ftp.nonProxyHosts" value="local|*.local|169.254/16|*.169.254/16"/>
    <property name="java.runtime.version" value="11.0.23+9-LTS"/>
    <property name="user.name" value="evgenia"/>
    <property name="path.separator" value=":"/>
    <property name="os.version" value="14.2"/>
    <property name="java.runtime.name" value="OpenJDK Runtime Environment"/>
    <property name="file.encoding" value="UTF-8"/>
    <property name="java.vm.name" value="OpenJDK 64-Bit Server VM"/>
    <property name="java.vendor.version" value="Corretto-11.0.23.9.1"/>
    <property name="localRepository" value="/Users/evgenia/.m2/repository"/>
    <property name="java.vendor.url.bug" value="https://github.com/corretto/corretto-11/issues/"/>
    <property name="java.io.tmpdir" value="/var/folders/58/fjx5p_v56bb9k_gb31jjw45m0000gp/T/"/>
    <property name="idea.version" value="2024.1"/>
    <property name="java.version" value="11.0.23"/>
    <property name="user.dir" value="/Users/evgenia/Diplom_11"/>
    <property name="os.arch" value="x86_64"/>
    <property name="java.vm.specification.name" value="Java Virtual Machine Specification"/>
    <property name="java.awt.printerjob" value="sun.lwawt.macosx.CPrinterJob"/>
    <property name="sun.os.patch.level" value="unknown"/>
    <property name="java.library.path" value="/Users/evgenia/Library/Java/Extensions:/Library/Java/Extensions:/Network/Library/Java/Extensions:/System/Library/Java/Extensions:/usr/lib/java:."/>
    <property name="java.vm.info" value="mixed mode"/>
    <property name="java.vendor" value="Amazon.com Inc."/>
    <property name="java.vm.version" value="11.0.23+9-LTS"/>
    <property name="java.specification.maintenance.version" value="2"/>
    <property name="sun.io.unicode.encoding" value="UnicodeBig"/>
    <property name="java.class.version" value="55.0"/>
    <property name="socksNonProxyHosts" value="local|*.local|169.254/16|*.169.254/16"/>
  </properties>
  <testcase name="testGetPrice" classname="BurgerTest" time="0.735"/>
  <testcase name="testMoveIngredientInvalidIndex" classname="BurgerTest" time="0.01"/>
  <testcase name="testRemoveIngredient" classname="BurgerTest" time="0.009"/>
  <testcase name="testMoveIngredient" classname="BurgerTest" time="0.004"/>
  <testcase name="testRemoveIngredientInvalidIndex" classname="BurgerTest" time="0.005"/>
  <testcase name="testGetReceipt" classname="BurgerTest" time="0.085"/>
  <testcase name="testAddIngredient" classname="BurgerTest" time="0.011"/>
</testsuite>